#
# A fatal error has been detected by the Java Runtime Environment:
#
#  SIGSEGV (0xb) at pc=0xb700b1f8, pid=9422, tid=1721617216
#
# JRE version: Java(TM) SE Runtime Environment (8.0_20-b26) (build 1.8.0_20-b26)
# Java VM: Java HotSpot(TM) Server VM (25.20-b23 mixed mode linux-x86 )
# Problematic frame:
# V  [libjvm.so+0x8861f8]  interpretedVFrame::monitors() const+0x158
#
# Failed to write core dump. Core dumps have been disabled. To enable core dumping, try "ulimit -c unlimited" before starting Java again
#
# If you would like to submit a bug report, please visit:
#   http://bugreport.sun.com/bugreport/crash.jsp
#

---------------  T H R E A D  ---------------

Current thread (0x66b3b800):  JavaThread "JDWP Transport Listener: dt_socket" daemon [_thread_in_vm, id=9437, stack(0x6698c000,0x669dd000)]

siginfo: si_signo: 11 (SIGSEGV), si_code: 2 (SEGV_ACCERR), si_addr: 0xb66f0ffc

Registers:
EAX=0x929bc1b8, EBX=0xb710f104, ECX=0x00000000, EDX=0xb66f0ff8
ESP=0x669dbc10, EBP=0x669dbca8, ESI=0x66b3be84, EDI=0x669dbc6c
EIP=0xb700b1f8, EFLAGS=0x00010202, CR2=0xb66f0ffc

Top of Stack: (sp=0x669dbc10)
0x669dbc10:   ffffffff 66b3c008 669dbc54 669dbc54
0x669dbc20:   66b3be6c ffffffff ffffffff ffffffff
0x669dbc30:   08d75288 b66f0ff8 66c02010 b673decc
0x669dbc40:   a71d28aa a71d0a88 00000000 b673def0
0x669dbc50:   b673ded0 b673decc a71d28aa a71d0a88
0x669dbc60:   00000000 b673def0 b673ded0 b673decc
0x669dbc70:   a71d28aa a71d0a88 00000000 b673def0
0x669dbc80:   b673ded0 b673decc a71d28aa a71d0a88 

Instructions: (pc=0xb700b1f8)
0xb700b1d8:   85 70 ff ff ff 89 85 74 ff ff ff 50 e8 57 28 b8
0xb700b1e8:   ff 83 c4 10 39 45 8c 0f 82 0b 01 00 00 8b 55 8c
0xb700b1f8:   8b 7a 04 50 50 6a 00 6a 10 e8 7a 4d f1 ff 83 c4
0xb700b208:   10 89 45 88 85 c0 74 17 89 38 c7 40 08 00 00 00 

Register to memory mapping:

EAX=0x929bc1b8 is an oop
java.lang.NullPointerException 
 - klass: 'java/lang/NullPointerException'
EBX=0xb710f104: <offset 0x98a104> in /home/bitbit/javaide/jdk1.8.0_20/jre/lib/i386/server/libjvm.so at 0xb6785000
ECX=0x00000000 is an unknown value
EDX=0xb66f0ff8 is pointing into the stack for thread: 0xb6508c00
ESP=0x669dbc10 is pointing into the stack for thread: 0x66b3b800
EBP=0x669dbca8 is pointing into the stack for thread: 0x66b3b800
ESI=0x66b3be84 is an unknown value
EDI=0x669dbc6c is pointing into the stack for thread: 0x66b3b800


Stack: [0x6698c000,0x669dd000],  sp=0x669dbc10,  free space=319k
Native frames: (J=compiled Java code, j=interpreted, Vv=VM code, C=native code)
V  [libjvm.so+0x8861f8]  interpretedVFrame::monitors() const+0x158
V  [libjvm.so+0x5c1b55]  JvmtiEnvBase::get_locked_objects_in_frame(JavaThread*, JavaThread*, javaVFrame*, GrowableArray<_jvmtiMonitorStackDepthInfo*>*, int)+0x55
V  [libjvm.so+0x5c37da]  JvmtiEnvBase::get_owned_monitors(JavaThread*, JavaThread*, GrowableArray<_jvmtiMonitorStackDepthInfo*>*)+0xfa
V  [libjvm.so+0x5b8bca]  JvmtiEnv::GetOwnedMonitorInfo(JavaThread*, int*, _jobject***)+0xba
V  [libjvm.so+0x57b346]  jvmti_GetOwnedMonitorInfo+0x2e6
C  [libjdwp.so+0xa610]  ownedMonitors+0xd0
C  [libjdwp.so+0x128a3]  debugLoop_run+0x303
C  [libjdwp.so+0x2748f]  connectionInitiated+0xbf
C  [libjdwp.so+0x274d0]  attachThread+0x30
V  [libjvm.so+0x5d9681]  JvmtiAgentThread::call_start_function()+0xc1
V  [libjvm.so+0x849b99]  JavaThread::thread_main_inner()+0x109
V  [libjvm.so+0x849d1b]  JavaThread::run()+0x14b
V  [libjvm.so+0x723509]  java_start(Thread*)+0x119
C  [libpthread.so.0+0x6f70]  start_thread+0xd0
C  [libc.so.6+0xec4ce]  clone+0x5e


---------------  P R O C E S S  ---------------

Java Threads: ( => current thread )
  0x66b81400 JavaThread "Service Thread" daemon [_thread_blocked, id=9447, stack(0x66797000,0x667e8000)]
  0x66b41800 JavaThread "C1 CompilerThread1" daemon [_thread_blocked, id=9446, stack(0x667e8000,0x66869000)]
  0x66b3fc00 JavaThread "C2 CompilerThread0" daemon [_thread_blocked, id=9445, stack(0x66869000,0x668ea000)]
  0x08ca8800 JavaThread "JDWP Command Reader" daemon [_thread_in_native, id=9441, stack(0x668ea000,0x6693b000)]
  0x66b3e000 JavaThread "JDWP Event Helper Thread" daemon [_thread_blocked, id=9439, stack(0x6693b000,0x6698c000)]
=>0x66b3b800 JavaThread "JDWP Transport Listener: dt_socket" daemon [_thread_in_vm, id=9437, stack(0x6698c000,0x669dd000)]
  0x66b33400 JavaThread "Signal Dispatcher" daemon [_thread_blocked, id=9435, stack(0x669dd000,0x66a2e000)]
  0x66b16000 JavaThread "Finalizer" daemon [_thread_blocked, id=9434, stack(0x66a2e000,0x66a7f000)]
  0x66b14800 JavaThread "Reference Handler" daemon [_thread_blocked, id=9433, stack(0x66c2b000,0x66c7c000)]
  0xb6508c00 JavaThread "main" [_thread_blocked, id=9424, stack(0xb66ee000,0xb673f000)]

Other Threads:
  0x66b10400 VMThread [stack: 0x66a7f000,0x66b00000] [id=9432]
  0x66b83000 WatcherThread [stack: 0x66716000,0x66797000] [id=9448]

VM state:not at safepoint (normal execution)

VM Mutex/Monitor currently owned by a thread: None

Heap:
 PSYoungGen      total 18432K, used 1905K [0x92800000, 0x93c80000, 0xa6e00000)
  eden space 15872K, 12% used [0x92800000,0x929dc4a0,0x93780000)
  from space 2560K, 0% used [0x93a00000,0x93a00000,0x93c80000)
  to   space 2560K, 0% used [0x93780000,0x93780000,0x93a00000)
 ParOldGen       total 42496K, used 0K [0x69c00000, 0x6c580000, 0x92800000)
  object space 42496K, 0% used [0x69c00000,0x69c00000,0x6c580000)
 Metaspace       used 2301K, capacity 2340K, committed 2456K, reserved 4400K

Card table byte_map: [0x69a16000,0x69c00000] byte_map_base: 0x696c8000

Marking Bits: (ParMarkBitMap*) 0xb713b380
 Begin Bits: [0x67670000, 0x685b8000)
 End Bits:   [0x685b8000, 0x69500000)

Polling page: 0xb7741000

CodeCache: size=245760Kb used=745Kb max_used=751Kb free=245015Kb
 bounds [0xa71ce000, 0xa740e000, 0xb61ce000]
 total_blobs=199 nmethods=49 adapters=74
 compilation: enabled

Compilation events (10 events):
Event: 0.536 Thread 0x66b41800   44       3       java.util.concurrent.ConcurrentHashMap::tabAt (21 bytes)
Event: 0.536 Thread 0x66b41800 nmethod 44 0xa7285bc8 code [0xa7285ce0, 0xa7285e80]
Event: 0.537 Thread 0x66b3fc00   46  s    4       java.io.BufferedInputStream::read (49 bytes)
Event: 0.540 Thread 0x66b3fc00 nmethod 46 0xa7285648 code [0xa7285780, 0xa7285a9c]
Event: 0.540 Thread 0x66b41800   47       3       java.io.DataInputStream::readInt (72 bytes)
Event: 0.540 Thread 0x66b41800 nmethod 47 0xa7284e88 code [0xa7285000, 0xa728541c]
Event: 0.540 Thread 0x66b41800   48       3       java.lang.String::substring (79 bytes)
Event: 0.540 Thread 0x66b41800 nmethod 48 0xa728a0c8 code [0xa728a260, 0xa728a5f0]
Event: 0.540 Thread 0x66b41800   49       3       java.util.concurrent.ConcurrentHashMap::spread (10 bytes)
Event: 0.540 Thread 0x66b41800 nmethod 49 0xa7284c48 code [0xa7284d40, 0xa7284e00]

GC Heap History (0 events):
No events

Deoptimization events (0 events):
No events

Internal exceptions (8 events):
Event: 0.216 Thread 0xb6508c00 Exception <a 'java/lang/NoSuchMethodError': Method sun.misc.Unsafe.defineClass(Ljava/lang/String;[BII)Ljava/lang/Class; name or signature does not match> (0x9280f718) thrown at [/HUDSON/workspace/8-2-build-linux-i586/jdk8u20/1074/hotspot/src/share/vm/prim
Event: 0.216 Thread 0xb6508c00 Exception <a 'java/lang/NoSuchMethodError': Method sun.misc.Unsafe.prefetchRead(Ljava/lang/Object;J)V name or signature does not match> (0x9280f998) thrown at [/HUDSON/workspace/8-2-build-linux-i586/jdk8u20/1074/hotspot/src/share/vm/prims/jni.cpp, line 39
Event: 0.491 Thread 0xb6508c00 Exception <a 'java/security/PrivilegedActionException'> (0x9284f0e8) thrown at [/HUDSON/workspace/8-2-build-linux-i586/jdk8u20/1074/hotspot/src/share/vm/prims/jvm.cpp, line 1275]
Event: 0.514 Thread 0xb6508c00 Exception <a 'java/security/PrivilegedActionException'> (0x92912cd8) thrown at [/HUDSON/workspace/8-2-build-linux-i586/jdk8u20/1074/hotspot/src/share/vm/prims/jvm.cpp, line 1275]
Event: 0.514 Thread 0xb6508c00 Exception <a 'java/security/PrivilegedActionException'> (0x92913018) thrown at [/HUDSON/workspace/8-2-build-linux-i586/jdk8u20/1074/hotspot/src/share/vm/prims/jvm.cpp, line 1275]
Event: 0.515 Thread 0xb6508c00 Exception <a 'java/security/PrivilegedActionException'> (0x92915538) thrown at [/HUDSON/workspace/8-2-build-linux-i586/jdk8u20/1074/hotspot/src/share/vm/prims/jvm.cpp, line 1275]
Event: 0.515 Thread 0xb6508c00 Exception <a 'java/security/PrivilegedActionException'> (0x92915878) thrown at [/HUDSON/workspace/8-2-build-linux-i586/jdk8u20/1074/hotspot/src/share/vm/prims/jvm.cpp, line 1275]
Event: 6.161 Thread 0xb6508c00 Exception <a 'java/lang/NullPointerException'> (0x929bc1b8) thrown at [/HUDSON/workspace/8-2-build-linux-i586/jdk8u20/1074/hotspot/src/share/vm/interpreter/linkResolver.cpp, line 1166]

Events (10 events):
Event: 24.186 Executing VM operation: RedefineClasses
Event: 24.186 Executing VM operation: RedefineClasses done
Event: 24.188 Executing VM operation: EnterInterpOnlyMode
Event: 24.188 Executing VM operation: EnterInterpOnlyMode done
Event: 24.188 Executing VM operation: GetCurrentLocation
Event: 24.188 Executing VM operation: GetCurrentLocation done
Event: 24.188 Executing VM operation: ChangeSingleStep
Event: 24.188 Executing VM operation: ChangeSingleStep done
Event: 24.189 Executing VM operation: ChangeSingleStep
Event: 24.189 Executing VM operation: ChangeSingleStep done


Dynamic libraries:
08048000-08049000 r-xp 00000000 08:06 3017147    /home/bitbit/javaide/jdk1.8.0_20/bin/java
08049000-0804a000 rw-p 00000000 08:06 3017147    /home/bitbit/javaide/jdk1.8.0_20/bin/java
08ca7000-08d94000 rw-p 00000000 00:00 0          [heap]
664d3000-66716000 rw-p 00000000 00:00 0 
66716000-66717000 ---p 00000000 00:00 0 
66717000-66797000 rw-p 00000000 00:00 0          [stack:9448]
66797000-6679a000 ---p 00000000 00:00 0 
6679a000-667e8000 rw-p 00000000 00:00 0          [stack:9447]
667e8000-667eb000 ---p 00000000 00:00 0 
667eb000-66869000 rw-p 00000000 00:00 0          [stack:9446]
66869000-6686c000 ---p 00000000 00:00 0 
6686c000-668ea000 rw-p 00000000 00:00 0          [stack:9445]
668ea000-668ed000 ---p 00000000 00:00 0 
668ed000-6693b000 rw-p 00000000 00:00 0          [stack:9441]
6693b000-6693e000 ---p 00000000 00:00 0 
6693e000-6698c000 rw-p 00000000 00:00 0          [stack:9439]
6698c000-6698f000 ---p 00000000 00:00 0 
6698f000-669dd000 rw-p 00000000 00:00 0          [stack:9437]
669dd000-669e0000 ---p 00000000 00:00 0 
669e0000-66a2e000 rw-p 00000000 00:00 0          [stack:9435]
66a2e000-66a31000 ---p 00000000 00:00 0 
66a31000-66a7f000 rw-p 00000000 00:00 0          [stack:9434]
66a7f000-66a80000 ---p 00000000 00:00 0 
66a80000-66b00000 rw-p 00000000 00:00 0          [stack:9432]
66b00000-66beb000 rw-p 00000000 00:00 0 
66beb000-66c00000 ---p 00000000 00:00 0 
66c02000-66c2b000 rw-p 00000000 00:00 0 
66c2b000-66c2e000 ---p 00000000 00:00 0 
66c2e000-66c7c000 rw-p 00000000 00:00 0          [stack:9433]
66c7c000-66e52000 r--s 03ca8000 08:06 3017485    /home/bitbit/javaide/jdk1.8.0_20/jre/lib/rt.jar
66e52000-670b8000 rw-p 00000000 00:00 0 
670b8000-6729e000 ---p 00000000 00:00 0 
6729e000-69500000 rw-p 00000000 00:00 0 
69500000-69521000 rw-p 00000000 00:00 0 
69521000-69600000 ---p 00000000 00:00 0 
69608000-69624000 r--s 00393000 08:06 3017454    /home/bitbit/javaide/jdk1.8.0_20/jre/lib/ext/cldrdata.jar
69624000-6967f000 rw-p 00000000 00:00 0 
6967f000-69680000 ---p 00000000 00:00 0 
69680000-69700000 rw-p 00000000 00:00 0          [stack:9431]
69700000-69721000 rw-p 00000000 00:00 0 
69721000-69800000 ---p 00000000 00:00 0 
69800000-6984f000 rw-p 00000000 00:00 0 
6984f000-69850000 ---p 00000000 00:00 0 
69850000-698e5000 rw-p 00000000 00:00 0          [stack:9429]
698e5000-69a16000 ---p 00000000 00:00 0 
69a16000-69a2b000 rw-p 00000000 00:00 0 
69a2b000-69b5c000 ---p 00000000 00:00 0 
69b5c000-69b67000 rw-p 00000000 00:00 0 
69b67000-69bff000 ---p 00000000 00:00 0 
69bff000-6c580000 rw-p 00000000 00:00 0 
6c580000-92800000 ---p 00000000 00:00 0 
92800000-93c80000 rw-p 00000000 00:00 0 
93c80000-a6e00000 ---p 00000000 00:00 0 
a6e0e000-a6e17000 rw-p 00000000 00:00 0 
a6e17000-a71ce000 ---p 00000000 00:00 0 
a71ce000-a740e000 rwxp 00000000 00:00 0 
a740e000-b61ce000 ---p 00000000 00:00 0 
b61ce000-b6300000 r--p 00858000 08:06 794904     /usr/lib/locale/locale-archive
b6300000-b6500000 r--p 00000000 08:06 794904     /usr/lib/locale/locale-archive
b6500000-b65f8000 rw-p 00000000 00:00 0 
b65f8000-b6600000 ---p 00000000 00:00 0 
b6606000-b661d000 rw-p 00000000 00:00 0 
b661d000-b6636000 r-xp 00000000 08:06 3017440    /home/bitbit/javaide/jdk1.8.0_20/jre/lib/i386/libzip.so
b6636000-b6637000 rw-p 00018000 08:06 3017440    /home/bitbit/javaide/jdk1.8.0_20/jre/lib/i386/libzip.so
b6637000-b6642000 r-xp 00000000 08:06 5505040    /lib/i386-linux-gnu/libnss_files-2.19.so
b6642000-b6643000 r--p 0000a000 08:06 5505040    /lib/i386-linux-gnu/libnss_files-2.19.so
b6643000-b6644000 rw-p 0000b000 08:06 5505040    /lib/i386-linux-gnu/libnss_files-2.19.so
b6644000-b664e000 r-xp 00000000 08:06 5505118    /lib/i386-linux-gnu/libnss_nis-2.19.so
b664e000-b664f000 r--p 00009000 08:06 5505118    /lib/i386-linux-gnu/libnss_nis-2.19.so
b664f000-b6650000 rw-p 0000a000 08:06 5505118    /lib/i386-linux-gnu/libnss_nis-2.19.so
b6650000-b6665000 r-xp 00000000 08:06 5505115    /lib/i386-linux-gnu/libnsl-2.19.so
b6665000-b6666000 r--p 00015000 08:06 5505115    /lib/i386-linux-gnu/libnsl-2.19.so
b6666000-b6667000 rw-p 00016000 08:06 5505115    /lib/i386-linux-gnu/libnsl-2.19.so
b6667000-b6669000 rw-p 00000000 00:00 0 
b6669000-b6670000 r-xp 00000000 08:06 5505044    /lib/i386-linux-gnu/libnss_compat-2.19.so
b6670000-b6671000 r--p 00006000 08:06 5505044    /lib/i386-linux-gnu/libnss_compat-2.19.so
b6671000-b6672000 rw-p 00007000 08:06 5505044    /lib/i386-linux-gnu/libnss_compat-2.19.so
b6674000-b6676000 rw-p 00000000 00:00 0 
b6676000-b6680000 r--s 00116000 08:06 3017458    /home/bitbit/javaide/jdk1.8.0_20/jre/lib/ext/localedata.jar
b6680000-b6688000 rw-s 00000000 08:06 4325724    /tmp/hsperfdata_bitbit/9422
b6688000-b66bf000 r-xp 00000000 08:06 3017431    /home/bitbit/javaide/jdk1.8.0_20/jre/lib/i386/libjdwp.so
b66bf000-b66c0000 rw-p 00037000 08:06 3017431    /home/bitbit/javaide/jdk1.8.0_20/jre/lib/i386/libjdwp.so
b66c0000-b66e4000 r-xp 00000000 08:06 3017435    /home/bitbit/javaide/jdk1.8.0_20/jre/lib/i386/libjava.so
b66e4000-b66e5000 rw-p 00023000 08:06 3017435    /home/bitbit/javaide/jdk1.8.0_20/jre/lib/i386/libjava.so
b66e5000-b66ec000 r-xp 00000000 08:06 5505114    /lib/i386-linux-gnu/librt-2.19.so
b66ec000-b66ed000 r--p 00006000 08:06 5505114    /lib/i386-linux-gnu/librt-2.19.so
b66ed000-b66ee000 rw-p 00007000 08:06 5505114    /lib/i386-linux-gnu/librt-2.19.so
b66ee000-b66f1000 ---p 00000000 00:00 0 
b66f1000-b673f000 rw-p 00000000 00:00 0          [stack:9424]
b673f000-b6783000 r-xp 00000000 08:06 5505116    /lib/i386-linux-gnu/libm-2.19.so
b6783000-b6784000 r--p 00043000 08:06 5505116    /lib/i386-linux-gnu/libm-2.19.so
b6784000-b6785000 rw-p 00044000 08:06 5505116    /lib/i386-linux-gnu/libm-2.19.so
b6785000-b70bf000 r-xp 00000000 08:06 3017421    /home/bitbit/javaide/jdk1.8.0_20/jre/lib/i386/server/libjvm.so
b70bf000-b712b000 rw-p 00939000 08:06 3017421    /home/bitbit/javaide/jdk1.8.0_20/jre/lib/i386/server/libjvm.so
b712b000-b7551000 rw-p 00000000 00:00 0 
b7551000-b76fa000 r-xp 00000000 08:06 5505121    /lib/i386-linux-gnu/libc-2.19.so
b76fa000-b76fb000 ---p 001a9000 08:06 5505121    /lib/i386-linux-gnu/libc-2.19.so
b76fb000-b76fd000 r--p 001a9000 08:06 5505121    /lib/i386-linux-gnu/libc-2.19.so
b76fd000-b76fe000 rw-p 001ab000 08:06 5505121    /lib/i386-linux-gnu/libc-2.19.so
b76fe000-b7701000 rw-p 00000000 00:00 0 
b7701000-b7704000 r-xp 00000000 08:06 5509347    /lib/i386-linux-gnu/libdl-2.19.so
b7704000-b7705000 r--p 00002000 08:06 5509347    /lib/i386-linux-gnu/libdl-2.19.so
b7705000-b7706000 rw-p 00003000 08:06 5509347    /lib/i386-linux-gnu/libdl-2.19.so
b7706000-b771a000 r-xp 00000000 08:06 2625598    /home/bitbit/javaide/jdk1.8.0_20/lib/i386/jli/libjli.so
b771a000-b771b000 rw-p 00013000 08:06 2625598    /home/bitbit/javaide/jdk1.8.0_20/lib/i386/jli/libjli.so
b771b000-b7733000 r-xp 00000000 08:06 5505129    /lib/i386-linux-gnu/libpthread-2.19.so
b7733000-b7734000 r--p 00017000 08:06 5505129    /lib/i386-linux-gnu/libpthread-2.19.so
b7734000-b7735000 rw-p 00018000 08:06 5505129    /lib/i386-linux-gnu/libpthread-2.19.so
b7735000-b7739000 rw-p 00000000 00:00 0 
b7739000-b773c000 r-xp 00000000 08:06 3017401    /home/bitbit/javaide/jdk1.8.0_20/jre/lib/i386/libdt_socket.so
b773c000-b773d000 rw-p 00003000 08:06 3017401    /home/bitbit/javaide/jdk1.8.0_20/jre/lib/i386/libdt_socket.so
b773d000-b773f000 r-xp 00000000 08:06 3017414    /home/bitbit/javaide/jdk1.8.0_20/jre/lib/i386/libnpt.so
b773f000-b7740000 rw-p 00001000 08:06 3017414    /home/bitbit/javaide/jdk1.8.0_20/jre/lib/i386/libnpt.so
b7740000-b7741000 rw-p 00000000 00:00 0 
b7741000-b7742000 r--p 00000000 00:00 0 
b7742000-b774d000 r-xp 00000000 08:06 3017387    /home/bitbit/javaide/jdk1.8.0_20/jre/lib/i386/libverify.so
b774d000-b774e000 rw-p 0000b000 08:06 3017387    /home/bitbit/javaide/jdk1.8.0_20/jre/lib/i386/libverify.so
b774e000-b7750000 rw-p 00000000 00:00 0 
b7750000-b7751000 r-xp 00000000 00:00 0          [vdso]
b7751000-b7771000 r-xp 00000000 08:06 5509307    /lib/i386-linux-gnu/ld-2.19.so
b7771000-b7772000 r--p 0001f000 08:06 5509307    /lib/i386-linux-gnu/ld-2.19.so
b7772000-b7773000 rw-p 00020000 08:06 5509307    /lib/i386-linux-gnu/ld-2.19.so
bfcc1000-bfcc2000 rwxp 00000000 00:00 0 
bfcf4000-bfd15000 rw-p 00000000 00:00 0          [stack]

VM Arguments:
jvm_args: -agentlib:jdwp=transport=dt_socket,suspend=y,address=localhost:49382 -Dfile.encoding=UTF-8 
java_command: java01.Test27
java_class_path (initial): /home/bitbit/git/Yoon/java01/bin
Launcher Type: SUN_STANDARD

Environment Variables:
PATH=/usr/local/sbin:/usr/local/bin:/usr/sbin:/usr/bin:/sbin:/bin:/usr/games:/usr/local/games
LD_LIBRARY_PATH=/home/bitbit/javaide/jdk1.8.0_20/jre/lib/i386/server:/home/bitbit/javaide/jdk1.8.0_20/jre/lib/i386:/home/bitbit/javaide/jdk1.8.0_20/jre/../lib/i386:/home/bitbit/javaide/jdk1.8.0_20/jre/lib/i386/client:/home/bitbit/javaide/jdk1.8.0_20/jre/lib/i386:
SHELL=/bin/bash
DISPLAY=:0

Signal Handlers:
SIGSEGV: [libjvm.so+0x891f70], sa_mask[0]=11111111011111111101111111111110, sa_flags=SA_RESTART|SA_SIGINFO
SIGBUS: [libjvm.so+0x891f70], sa_mask[0]=11111111011111111101111111111110, sa_flags=SA_RESTART|SA_SIGINFO
SIGFPE: [libjvm.so+0x71d8e0], sa_mask[0]=11111111011111111101111111111110, sa_flags=SA_RESTART|SA_SIGINFO
SIGPIPE: [libjvm.so+0x71d8e0], sa_mask[0]=11111111011111111101111111111110, sa_flags=SA_RESTART|SA_SIGINFO
SIGXFSZ: [libjvm.so+0x71d8e0], sa_mask[0]=11111111011111111101111111111110, sa_flags=SA_RESTART|SA_SIGINFO
SIGILL: [libjvm.so+0x71d8e0], sa_mask[0]=11111111011111111101111111111110, sa_flags=SA_RESTART|SA_SIGINFO
SIGUSR1: SIG_DFL, sa_mask[0]=00000000000000000000000000000000, sa_flags=none
SIGUSR2: [libjvm.so+0x71f090], sa_mask[0]=00100000000000000000000000000000, sa_flags=SA_RESTART|SA_SIGINFO
SIGHUP: [libjvm.so+0x720590], sa_mask[0]=11111111011111111101111111111110, sa_flags=SA_RESTART|SA_SIGINFO
SIGINT: [libjvm.so+0x720590], sa_mask[0]=11111111011111111101111111111110, sa_flags=SA_RESTART|SA_SIGINFO
SIGTERM: [libjvm.so+0x720590], sa_mask[0]=11111111011111111101111111111110, sa_flags=SA_RESTART|SA_SIGINFO
SIGQUIT: [libjvm.so+0x720590], sa_mask[0]=11111111011111111101111111111110, sa_flags=SA_RESTART|SA_SIGINFO


---------------  S Y S T E M  ---------------

OS:DISTRIB_ID=Ubuntu
DISTRIB_RELEASE=14.04
DISTRIB_CODENAME=trusty
DISTRIB_DESCRIPTION="Ubuntu 14.04.1 LTS"

uname:Linux 3.13.0-35-generic #62-Ubuntu SMP Fri Aug 15 01:58:01 UTC 2014 i686
libc:glibc 2.19 NPTL 2.19 
rlimit: STACK 8192k, CORE 0k, NPROC 31123, NOFILE 4096, AS infinity
load average:1.47 1.21 1.11

/proc/meminfo:
MemTotal:        4003012 kB
MemFree:         1630044 kB
Buffers:          156676 kB
Cached:          1002172 kB
SwapCached:            0 kB
Active:          1566536 kB
Inactive:         685952 kB
Active(anon):    1094836 kB
Inactive(anon):     9256 kB
Active(file):     471700 kB
Inactive(file):   676696 kB
Unevictable:          32 kB
Mlocked:              32 kB
HighTotal:       3148104 kB
HighFree:        1294380 kB
LowTotal:         854908 kB
LowFree:          335664 kB
SwapTotal:       4027388 kB
SwapFree:        4027388 kB
Dirty:               216 kB
Writeback:             0 kB
AnonPages:       1093900 kB
Mapped:           155456 kB
Shmem:             10336 kB
Slab:              78864 kB
SReclaimable:      60328 kB
SUnreclaim:        18536 kB
KernelStack:        6272 kB
PageTables:         9980 kB
NFS_Unstable:          0 kB
Bounce:                0 kB
WritebackTmp:          0 kB
CommitLimit:     6028892 kB
Committed_AS:    5176396 kB
VmallocTotal:     122880 kB
VmallocUsed:       61676 kB
VmallocChunk:      35868 kB
HardwareCorrupted:     0 kB
AnonHugePages:    634880 kB
HugePages_Total:       0
HugePages_Free:        0
HugePages_Rsvd:        0
HugePages_Surp:        0
Hugepagesize:       2048 kB
DirectMap4k:       30712 kB
DirectMap2M:      882688 kB


CPU:total 2 (2 cores per cpu, 1 threads per core) family 6 model 15 stepping 11, cmov, cx8, fxsr, mmx, sse, sse2, sse3, ssse3, tsc

/proc/cpuinfo:
processor	: 0
vendor_id	: GenuineIntel
cpu family	: 6
model		: 15
model name	: Intel(R) Core(TM)2 Duo CPU     E6750  @ 2.66GHz
stepping	: 11
microcode	: 0xb6
cpu MHz		: 2660.016
cache size	: 4096 KB
physical id	: 0
siblings	: 2
core id		: 0
cpu cores	: 2
apicid		: 0
initial apicid	: 0
fdiv_bug	: no
f00f_bug	: no
coma_bug	: no
fpu		: yes
fpu_exception	: yes
cpuid level	: 10
wp		: yes
flags		: fpu vme de pse tsc msr pae mce cx8 apic sep mtrr pge mca cmov pat pse36 clflush dts acpi mmx fxsr sse sse2 ss ht tm pbe nx lm constant_tsc arch_perfmon pebs bts aperfmperf pni dtes64 monitor ds_cpl vmx smx est tm2 ssse3 cx16 xtpr pdcm lahf_lm dtherm tpr_shadow vnmi flexpriority
bogomips	: 5320.03
clflush size	: 64
cache_alignment	: 64
address sizes	: 36 bits physical, 48 bits virtual
power management:

processor	: 1
vendor_id	: GenuineIntel
cpu family	: 6
model		: 15
model name	: Intel(R) Core(TM)2 Duo CPU     E6750  @ 2.66GHz
stepping	: 11
microcode	: 0xb6
cpu MHz		: 2660.016
cache size	: 4096 KB
physical id	: 0
siblings	: 2
core id		: 1
cpu cores	: 2
apicid		: 1
initial apicid	: 1
fdiv_bug	: no
f00f_bug	: no
coma_bug	: no
fpu		: yes
fpu_exception	: yes
cpuid level	: 10
wp		: yes
flags		: fpu vme de pse tsc msr pae mce cx8 apic sep mtrr pge mca cmov pat pse36 clflush dts acpi mmx fxsr sse sse2 ss ht tm pbe nx lm constant_tsc arch_perfmon pebs bts aperfmperf pni dtes64 monitor ds_cpl vmx smx est tm2 ssse3 cx16 xtpr pdcm lahf_lm dtherm tpr_shadow vnmi flexpriority
bogomips	: 5320.03
clflush size	: 64
cache_alignment	: 64
address sizes	: 36 bits physical, 48 bits virtual
power management:



Memory: 4k page, physical 4003012k(1630044k free), swap 4027388k(4027388k free)

vm_info: Java HotSpot(TM) Server VM (25.20-b23) for linux-x86 JRE (1.8.0_20-b26), built on Jul 30 2014 13:29:53 by "java_re" with gcc 4.3.0 20080428 (Red Hat 4.3.0-8)

time: Wed Oct 15 16:29:40 2014
elapsed time: 25 seconds (0d 0h 0m 25s)

